<?xml version="1.0" encoding="UTF-8"?>
<!-- Generated by org.testng.reporters.JUnitXMLReporter -->
<testsuite hostname="LAPTOP-KGL5HQ6S" ignored="1" name="Test" tests="3" failures="0" timestamp="2020-06-03T17:25:24 EDT" time="31.407" errors="0">
  <testcase name="emptyUsernameLogin" time="0.518" classname="com.hrms.testcases.LoginTest"/>
  <testcase name="invalidPasswordLogin" time="1.574" classname="com.hrms.testcases.LoginTest"/>
  <testcase name="validAdminLogin" time="4.524" classname="com.hrms.testcases.LoginTest"/>
  <testcase name="test" time="0.0" classname="com.hrms.testcases.AddEmployeeTest">
    <ignored/>
  </testcase> <!-- test -->
</testsuite> <!-- Test -->
