<?xml version="1.0" encoding="UTF-8"?>
<!-- Generated by org.testng.reporters.JUnitXMLReporter -->
<testsuite hostname="LAPTOP-KGL5HQ6S" ignored="3" name="Regression Test" tests="3" failures="0" timestamp="2020-06-04T04:52:30 EDT" time="71.254" errors="0">
  <testcase name="addEmp" time="16.219" classname="com.hrms.testcases.AddEmployeeTest"/>
  <testcase name="addEmp" time="16.039" classname="com.hrms.testcases.AddEmployeeTest"/>
  <testcase name="addEmp" time="13.718" classname="com.hrms.testcases.AddEmployeeTest"/>
  <testcase name="timeStamp" time="0.0" classname="com.hrms.testcases.LoginTest">
    <ignored/>
  </testcase> <!-- timeStamp -->
  <testcase name="@BeforeTest generateReport" time="0.0" classname="com.hrms.testbase.BaseClass">
    <ignored/>
  </testcase> <!-- @BeforeTest generateReport -->
  <testcase name="@AfterTest writeReport" time="0.0" classname="com.hrms.testbase.BaseClass">
    <ignored/>
  </testcase> <!-- @AfterTest writeReport -->
</testsuite> <!-- Regression Test -->
