<?xml version="1.0" encoding="UTF-8"?>
<testng-results skipped="0" failed="0" ignored="6" total="7" passed="1">
  <reporter-output>
  </reporter-output>
  <suite name="Smoke Suite" duration-ms="14148" started-at="2020-06-13T00:44:09 EDT" finished-at="2020-06-13T00:44:23 EDT">
    <groups>
      <group name="smoke">
        <method signature="LoginTest.validAdminLogin()[pri:0, instance:com.hrms.testcases.LoginTest@6ddf90b0]" name="validAdminLogin" class="com.hrms.testcases.LoginTest"/>
      </group> <!-- smoke -->
    </groups>
    <test name="Smoke Test" duration-ms="14148" started-at="2020-06-13T00:44:09 EDT" finished-at="2020-06-13T00:44:23 EDT">
      <class name="com.hrms.testcases.LoginTest">
        <test-method status="PASS" signature="setUp()[pri:0, instance:com.hrms.testcases.LoginTest@6ddf90b0]" name="setUp" is-config="true" duration-ms="7926" started-at="2020-06-13T00:44:09 EDT" finished-at="2020-06-13T00:44:17 EDT">
          <reporter-output>
          </reporter-output>
        </test-method> <!-- setUp -->
        <test-method status="PASS" signature="validAdminLogin()[pri:0, instance:com.hrms.testcases.LoginTest@6ddf90b0]" name="validAdminLogin" duration-ms="4733" started-at="2020-06-13T00:44:17 EDT" finished-at="2020-06-13T00:44:21 EDT">
          <reporter-output>
          </reporter-output>
        </test-method> <!-- validAdminLogin -->
        <test-method status="PASS" signature="tearDown()[pri:0, instance:com.hrms.testcases.LoginTest@6ddf90b0]" name="tearDown" is-config="true" duration-ms="669" started-at="2020-06-13T00:44:22 EDT" finished-at="2020-06-13T00:44:22 EDT">
          <reporter-output>
          </reporter-output>
        </test-method> <!-- tearDown -->
      </class> <!-- com.hrms.testcases.LoginTest -->
      <class name="com.hrms.testcases.AddEmployeeTest">
        <test-method status="PASS" signature="generateReport()[pri:0, instance:com.hrms.testcases.AddEmployeeTest@6c3708b3]" name="generateReport" is-config="true" duration-ms="119" started-at="2020-06-13T00:44:09 EDT" finished-at="2020-06-13T00:44:09 EDT">
          <reporter-output>
          </reporter-output>
        </test-method> <!-- generateReport -->
        <test-method status="PASS" signature="writeReport()[pri:0, instance:com.hrms.testcases.AddEmployeeTest@6c3708b3]" name="writeReport" is-config="true" duration-ms="302" started-at="2020-06-13T00:44:22 EDT" finished-at="2020-06-13T00:44:23 EDT">
          <reporter-output>
          </reporter-output>
        </test-method> <!-- writeReport -->
      </class> <!-- com.hrms.testcases.AddEmployeeTest -->
    </test> <!-- Smoke Test -->
  </suite> <!-- Smoke Suite -->
</testng-results>
