<?xml version="1.0" encoding="UTF-8"?>
<testng-results skipped="0" failed="1" ignored="0" total="4" passed="3">
  <reporter-output>
  </reporter-output>
  <suite name="Default suite" duration-ms="33904" started-at="2020-06-05T21:57:35 EDT" finished-at="2020-06-05T21:58:09 EDT">
    <groups>
      <group name="regression">
        <method signature="LoginTest.emptyUsernameLogin()[pri:0, instance:com.hrms.testcases.LoginTest@3712b94]" name="emptyUsernameLogin" class="com.hrms.testcases.LoginTest"/>
        <method signature="LoginTest.invalidPasswordLogin()[pri:0, instance:com.hrms.testcases.LoginTest@3712b94]" name="invalidPasswordLogin" class="com.hrms.testcases.LoginTest"/>
      </group> <!-- regression -->
      <group name="smoke">
        <method signature="LoginTest.validAdminLogin()[pri:0, instance:com.hrms.testcases.LoginTest@3712b94]" name="validAdminLogin" class="com.hrms.testcases.LoginTest"/>
      </group> <!-- smoke -->
    </groups>
    <test name="Default test" duration-ms="33904" started-at="2020-06-05T21:57:35 EDT" finished-at="2020-06-05T21:58:09 EDT">
      <class name="com.hrms.testcases.LoginTest">
        <test-method status="PASS" signature="generateReport()[pri:0, instance:com.hrms.testcases.LoginTest@3712b94]" name="generateReport" is-config="true" duration-ms="127" started-at="2020-06-05T21:57:35 EDT" finished-at="2020-06-05T21:57:35 EDT">
          <reporter-output>
          </reporter-output>
        </test-method> <!-- generateReport -->
        <test-method status="PASS" signature="setUp()[pri:0, instance:com.hrms.testcases.LoginTest@3712b94]" name="setUp" is-config="true" duration-ms="7304" started-at="2020-06-05T21:57:35 EDT" finished-at="2020-06-05T21:57:43 EDT">
          <reporter-output>
          </reporter-output>
        </test-method> <!-- setUp -->
        <test-method status="PASS" signature="emptyUsernameLogin()[pri:0, instance:com.hrms.testcases.LoginTest@3712b94]" name="emptyUsernameLogin" duration-ms="417" started-at="2020-06-05T21:57:43 EDT" finished-at="2020-06-05T21:57:43 EDT">
          <reporter-output>
          </reporter-output>
        </test-method> <!-- emptyUsernameLogin -->
        <test-method status="PASS" signature="tearDown()[pri:0, instance:com.hrms.testcases.LoginTest@3712b94]" name="tearDown" is-config="true" duration-ms="652" started-at="2020-06-05T21:57:43 EDT" finished-at="2020-06-05T21:57:44 EDT">
          <reporter-output>
          </reporter-output>
        </test-method> <!-- tearDown -->
        <test-method status="PASS" signature="setUp()[pri:0, instance:com.hrms.testcases.LoginTest@3712b94]" name="setUp" is-config="true" duration-ms="6508" started-at="2020-06-05T21:57:44 EDT" finished-at="2020-06-05T21:57:50 EDT">
          <reporter-output>
          </reporter-output>
        </test-method> <!-- setUp -->
        <test-method status="PASS" signature="invalidPasswordLogin()[pri:0, instance:com.hrms.testcases.LoginTest@3712b94]" name="invalidPasswordLogin" duration-ms="2178" started-at="2020-06-05T21:57:50 EDT" finished-at="2020-06-05T21:57:52 EDT">
          <reporter-output>
          </reporter-output>
        </test-method> <!-- invalidPasswordLogin -->
        <test-method status="PASS" signature="tearDown()[pri:0, instance:com.hrms.testcases.LoginTest@3712b94]" name="tearDown" is-config="true" duration-ms="657" started-at="2020-06-05T21:57:52 EDT" finished-at="2020-06-05T21:57:53 EDT">
          <reporter-output>
          </reporter-output>
        </test-method> <!-- tearDown -->
        <test-method status="PASS" signature="setUp()[pri:0, instance:com.hrms.testcases.LoginTest@3712b94]" name="setUp" is-config="true" duration-ms="8149" started-at="2020-06-05T21:57:53 EDT" finished-at="2020-06-05T21:58:01 EDT">
          <reporter-output>
          </reporter-output>
        </test-method> <!-- setUp -->
        <test-method status="PASS" signature="timeStamp()[pri:0, instance:com.hrms.testcases.LoginTest@3712b94]" name="timeStamp" duration-ms="3" started-at="2020-06-05T21:58:01 EDT" finished-at="2020-06-05T21:58:01 EDT">
          <reporter-output>
          </reporter-output>
        </test-method> <!-- timeStamp -->
        <test-method status="PASS" signature="tearDown()[pri:0, instance:com.hrms.testcases.LoginTest@3712b94]" name="tearDown" is-config="true" duration-ms="650" started-at="2020-06-05T21:58:01 EDT" finished-at="2020-06-05T21:58:02 EDT">
          <reporter-output>
          </reporter-output>
        </test-method> <!-- tearDown -->
        <test-method status="PASS" signature="setUp()[pri:0, instance:com.hrms.testcases.LoginTest@3712b94]" name="setUp" is-config="true" duration-ms="6566" started-at="2020-06-05T21:58:02 EDT" finished-at="2020-06-05T21:58:08 EDT">
          <reporter-output>
          </reporter-output>
        </test-method> <!-- setUp -->
        <test-method status="FAIL" signature="validAdminLogin()[pri:0, instance:com.hrms.testcases.LoginTest@3712b94]" name="validAdminLogin" duration-ms="2" started-at="2020-06-05T21:58:08 EDT" finished-at="2020-06-05T21:58:08 EDT">
          <exception class="java.lang.NullPointerException">
            <full-stacktrace>
              <![CDATA[java.lang.NullPointerException
at com.hrms.testcases.LoginTest.validAdminLogin(LoginTest.java:29)
at sun.reflect.NativeMethodAccessorImpl.invoke0(Native Method)
at sun.reflect.NativeMethodAccessorImpl.invoke(NativeMethodAccessorImpl.java:62)
at sun.reflect.DelegatingMethodAccessorImpl.invoke(DelegatingMethodAccessorImpl.java:43)
at java.lang.reflect.Method.invoke(Method.java:498)
at org.testng.internal.MethodInvocationHelper.invokeMethod(MethodInvocationHelper.java:134)
at org.testng.internal.TestInvoker.invokeMethod(TestInvoker.java:597)
at org.testng.internal.TestInvoker.invokeTestMethod(TestInvoker.java:173)
at org.testng.internal.MethodRunner.runInSequence(MethodRunner.java:46)
at org.testng.internal.TestInvoker$MethodInvocationAgent.invoke(TestInvoker.java:816)
at org.testng.internal.TestInvoker.invokeTestMethods(TestInvoker.java:146)
at org.testng.internal.TestMethodWorker.invokeTestMethods(TestMethodWorker.java:146)
at org.testng.internal.TestMethodWorker.run(TestMethodWorker.java:128)
at java.util.ArrayList.forEach(ArrayList.java:1257)
at org.testng.TestRunner.privateRun(TestRunner.java:766)
at org.testng.TestRunner.run(TestRunner.java:587)
at org.testng.SuiteRunner.runTest(SuiteRunner.java:384)
at org.testng.SuiteRunner.runSequentially(SuiteRunner.java:378)
at org.testng.SuiteRunner.privateRun(SuiteRunner.java:337)
at org.testng.SuiteRunner.run(SuiteRunner.java:286)
at org.testng.SuiteRunnerWorker.runSuite(SuiteRunnerWorker.java:53)
at org.testng.SuiteRunnerWorker.run(SuiteRunnerWorker.java:96)
at org.testng.TestNG.runSuitesSequentially(TestNG.java:1187)
at org.testng.TestNG.runSuitesLocally(TestNG.java:1109)
at org.testng.TestNG.runSuites(TestNG.java:1039)
at org.testng.TestNG.run(TestNG.java:1007)
at org.testng.remote.AbstractRemoteTestNG.run(AbstractRemoteTestNG.java:115)
at org.testng.remote.RemoteTestNG.initAndRun(RemoteTestNG.java:251)
at org.testng.remote.RemoteTestNG.main(RemoteTestNG.java:77)
]]>
            </full-stacktrace>
          </exception> <!-- java.lang.NullPointerException -->
          <reporter-output>
          </reporter-output>
        </test-method> <!-- validAdminLogin -->
        <test-method status="PASS" signature="tearDown()[pri:0, instance:com.hrms.testcases.LoginTest@3712b94]" name="tearDown" is-config="true" duration-ms="649" started-at="2020-06-05T21:58:08 EDT" finished-at="2020-06-05T21:58:09 EDT">
          <reporter-output>
          </reporter-output>
        </test-method> <!-- tearDown -->
        <test-method status="PASS" signature="writeReport()[pri:0, instance:com.hrms.testcases.LoginTest@3712b94]" name="writeReport" is-config="true" duration-ms="3" started-at="2020-06-05T21:58:09 EDT" finished-at="2020-06-05T21:58:09 EDT">
          <reporter-output>
          </reporter-output>
        </test-method> <!-- writeReport -->
      </class> <!-- com.hrms.testcases.LoginTest -->
    </test> <!-- Default test -->
  </suite> <!-- Default suite -->
</testng-results>
